[0;34m[INFO][0m エラーハンドリングユーティリティが読み込まれました
[0;34m[INFO][0m システム要件をチェック中...
[0;32m[SUCCESS][0m システム要件チェックが完了しました
[0;34m[INFO][0m AWS設定:
[0;34m[INFO][0m   プロファイル: default
[0;34m[INFO][0m   アカウントID: 273354629233
[0;34m[INFO][0m   リージョン: ap-northeast-1
[0;34m[INFO][0m ビルド設定:
[0;34m[INFO][0m   アプリケーション名: nextjs-todo-app
[0;34m[INFO][0m   環境: development
[0;34m[INFO][0m   ECRリポジトリ名: nextjs-todo-app-development
[0;34m[INFO][0m   ECRリポジトリURI: 273354629233.dkr.ecr.ap-northeast-1.amazonaws.com/nextjs-todo-app-development
[0;34m[INFO][0m   イメージタグ: latest
[0;34m[INFO][0m ECRリポジトリの存在確認中...
[0;32m[SUCCESS][0m ECRリポジトリが見つかりました: nextjs-todo-app-development
[0;34m[INFO][0m Dockerビルドとプッシュ処理を開始します...
[0;34m[INFO][0m ECRログイン (試行 1/3)
[0;36m[STEP][0m ECRログイン
[0;32m[SUCCESS][0m ECRログイン が完了しました (実行時間: 6秒)
[0;36m[STEP][0m Dockerイメージビルド
[0;32m[SUCCESS][0m Dockerイメージビルド が完了しました (実行時間: 65秒)
[0;36m[STEP][0m イメージタグ付け
[0;32m[SUCCESS][0m イメージタグ付け が完了しました (実行時間: 0秒)
[0;34m[INFO][0m ECRプッシュ (試行 1/3)
[0;36m[STEP][0m ECRプッシュ
[0;32m[SUCCESS][0m ECRプッシュ が完了しました (実行時間: 5秒)
[0;32m[SUCCESS][0m === ビルドとプッシュが正常に完了しました ===
[0;34m[INFO][0m プッシュされたイメージ: 273354629233.dkr.ecr.ap-northeast-1.amazonaws.com/nextjs-todo-app-development:latest
[0;34m[INFO][0m 次のステップ: CDKデプロイメントを実行してください
[0;34m[INFO][0m プッシュされたイメージの詳細:
[0;34m[INFO][0m CDKデプロイメントコマンド例:
[0;34m[INFO][0m ログファイル: logs/deployment-20250824-153402.log
[0;34m[INFO][0m 問題が発生した場合は、上記のログファイルを確認してください。
