[0;34m[INFO][0m エラーハンドリングユーティリティが読み込まれました
[0;34m[INFO][0m エラーハンドリング機能のテストを開始します
[0;34m[INFO][0m ログファイル: logs/deployment-20250824-123242.log
[0;34m[INFO][0m === ログ出力テスト ===
[0;34m[INFO][0m これは情報メッセージです
[0;32m[SUCCESS][0m これは成功メッセージです
[1;33m[WARNING][0m これは警告メッセージです
[0;31m[ERROR][0m これはエラーメッセージです（テスト用）
[0;36m[STEP][0m これはステップメッセージです
[0;32m[SUCCESS][0m ログ出力テストが完了しました
[0;34m[INFO][0m === コマンド実行テスト ===
[0;36m[STEP][0m 成功テストコマンド
[0;32m[SUCCESS][0m 成功テストコマンド が完了しました (実行時間: 0秒)
[0;32m[SUCCESS][0m コマンド実行テストが完了しました
[0;34m[INFO][0m === リトライ機能テスト ===
[0;34m[INFO][0m リトライ成功テスト (試行 1/2)
[0;36m[STEP][0m リトライ成功テスト
[0;32m[SUCCESS][0m リトライ成功テスト が完了しました (実行時間: 0秒)
[0;32m[SUCCESS][0m リトライ機能テストが完了しました
[0;34m[INFO][0m === バリデーション関数テスト ===
[0;32m[SUCCESS][0m 環境名バリデーション（正常）: development
[0;31m[ERROR][0m 無効な環境: invalid-env
[0;31m[ERROR][0m 有効な環境: development, staging, production, test
[0;32m[SUCCESS][0m 環境名バリデーション（異常）が期待通りに失敗しました
[0;32m[SUCCESS][0m アプリ名バリデーション（正常）: test-app
[0;31m[ERROR][0m 無効なアプリケーション名: invalid_app_name!
[0;31m[ERROR][0m 英数字とハイフンのみ使用できます
[0;32m[SUCCESS][0m アプリ名バリデーション（異常）が期待通りに失敗しました
[0;32m[SUCCESS][0m リージョンバリデーション（正常）: ap-northeast-1
[0;31m[ERROR][0m 無効なAWSリージョン形式: invalid-region
[0;31m[ERROR][0m 例: us-east-1, ap-northeast-1
[0;32m[SUCCESS][0m リージョンバリデーション（異常）が期待通りに失敗しました
[0;32m[SUCCESS][0m バリデーション関数テストが完了しました
[0;34m[INFO][0m === 進捗表示テスト ===
[0;32m[SUCCESS][0m 進捗表示テストが完了しました
[0;34m[INFO][0m === エラーハンドラーテスト ===
[0;34m[INFO][0m AWS CLIエラーハンドリングテスト:
[0;31m[ERROR][0m AWS CLI: 認証エラーが発生しました
[0;31m[ERROR][0m AWS認証情報を確認してください
[0;31m[ERROR][0m aws configure または環境変数を設定してください
[0;34m[INFO][0m Dockerエラーハンドリングテスト:
[0;31m[ERROR][0m Docker: Dockerデーモンエラーが発生しました
[0;31m[ERROR][0m Dockerデーモンが起動しているか確認してください
[0;34m[INFO][0m CDKエラーハンドリングテスト:
[0;31m[ERROR][0m CDK: 一般的なエラーが発生しました
[0;31m[ERROR][0m コマンド: cdk deploy test-stack
[0;31m[ERROR][0m CDKログを確認してください
[0;32m[SUCCESS][0m エラーハンドラーテストが完了しました
[0;32m[SUCCESS][0m === すべてのテストが完了しました ===
[0;34m[INFO][0m ログファイル: logs/deployment-20250824-123242.log
