[0;34m[INFO][0m エラーハンドリングユーティリティが読み込まれました
[0;34m[INFO][0m システム要件をチェック中...
[0;32m[SUCCESS][0m システム要件チェックが完了しました
[0;34m[INFO][0m デプロイメント設定:
[0;34m[INFO][0m   アプリケーション名: nextjs-todo-app
[0;34m[INFO][0m   環境: development
[0;34m[INFO][0m   スタック名: nextjs-todo-app-development
[0;34m[INFO][0m   AWSプロファイル: default
[0;34m[INFO][0m   AWSアカウントID: 273354629233
[0;34m[INFO][0m   リージョン: ap-northeast-1
[0;34m[INFO][0m   承認設定: never
[0;34m[INFO][0m CDKデプロイメント処理を開始します...
[1;33m[WARNING][0m Dockerビルド・プッシュをスキップしました
[0;34m[INFO][0m CDK Bootstrap (試行 1/2)
[0;36m[STEP][0m CDK Bootstrap
[1;33m[WARNING][0m CDK Bootstrap が失敗しました (終了コード: 1)
[0;31m[ERROR][0m CDK Bootstrap が失敗しました (終了コード: 1, 実行時間: 71秒)
[1;33m[WARNING][0m 5 秒後にリトライします...
[0;34m[INFO][0m CDK Bootstrap (試行 2/2)
[0;36m[STEP][0m CDK Bootstrap
[1;33m[WARNING][0m CDK Bootstrap が失敗しました (終了コード: 1)
[0;31m[ERROR][0m CDK Bootstrap が失敗しました (終了コード: 1, 実行時間: 81秒)
[0;31m[ERROR][0m CDK Bootstrap が 2 回の試行後も失敗しました
[0;31m[ERROR][0m スクリプトがエラーで終了しました
[0;31m[ERROR][0m 終了コード: 1
[0;31m[ERROR][0m 行番号: 267
[0;31m[ERROR][0m 実行コマンド: return 1
[0;31m[ERROR][0m ログファイル: logs/deployment-20250824-131245.log
[0;31m[ERROR][0m スタックトレース:
[0;31m[ERROR][0m   at main (./scripts/deploy.sh:267)
[0;34m[INFO][0m クリーンアップ処理を実行中...
[1;33m[WARNING][0m デプロイメントエラーのクリーンアップを実行中...
